<?xml version="1.0" encoding="UTF-8"?>
<!-- Generated by org.testng.reporters.JUnitReportReporter -->
<testsuite hostname="raama" failures="0" tests="1" name="webapp.eqsakk" time="39.154" errors="0" timestamp="2024-04-22T11:10:09 IST" skipped="0">
  <testcase classname="webapp.eqsakk" name="test1" time="39.154"/>
  <system-out/>
</testsuite> <!-- webapp.eqsakk -->
